<?xml  version="1.0" encoding="UTF-8"?>
<beans xmlns:xsi="http://www.w3.org/2001/XMLSchema-instance"
       xmlns:tx="http://www.springframework.org/schema/tx"
       xmlns="http://www.springframework.org/schema/beans" xmlns:p="http://www.springframework.org/schema/p"
       xmlns:context="http://www.springframework.org/schema/context"
       xsi:schemaLocation="http://www.springframework.org/schema/beans
    http://www.springframework.org/schema/beans/spring-beans.xsd

    http://www.springframework.org/schema/tx
    http://www.springframework.org/schema/tx/spring-tx.xsd http://www.springframework.org/schema/context http://www.springframework.org/schema/context/spring-context.xsd">

    <tx:annotation-driven transaction-manager="transactionManager"/>

    <bean id="transactionManager"
          class="org.springframework.orm.hibernate5.HibernateTransactionManager">
        <property name="sessionFactory" ref="sessionFactory" />
    </bean>

    <bean id="sessionFactory"
          class="org.springframework.orm.hibernate5.LocalSessionFactoryBean">
        <property name="dataSource" ref="dataSource" />
        <property name="packagesToScan" value="ua.training.bookshop.model"/>
        <property name="hibernateProperties">
            <props>
                <prop key="hibernate.dialect">org.hibernate.dialect.MySQLDialect</prop>
                <prop key="hibernate.show_sql">true</prop>
            </props>
        </property>
    </bean>


    <bean id="dataSource"
          class="org.springframework.jdbc.datasource.DriverManagerDataSource"
          p:driverClassName="com.mysql.jdbc.Driver"
          p:url="jdbc:mysql://localhost:3306/bookshop"
          p:username="root"
          p:password="root" />

    <bean id="messageSource" class="org.springframework.context.support.ReloadableResourceBundleMessageSource">
        <property name="basenames">
            <list>
                <value>classpath:validation</value>
            </list>
        </property>
    </bean>

    <bean id="encoder"
                class="org.springframework.security.crypto.bcrypt.BCryptPasswordEncoder">
        <constructor-arg name="strength" value="4"/>
    </bean>

    <bean id="bookDao" class="ua.training.bookshop.dao.impl.BookDaoImpl"/>

    <bean id="accountDao" class="ua.training.bookshop.dao.impl.AccountDaoImpl"/>

    <bean id="roleDao" class="ua.training.bookshop.dao.impl.RoleDaoImpl"/>

    <bean id="orderDao" class="ua.training.bookshop.dao.impl.OrdersDaoImpl"/>

    <bean id="accountService" class="ua.training.bookshop.service.impl.AccountServiceImpl"/>

    <bean id="bookService" class="ua.training.bookshop.service.impl.BookServiceImpl"/>

    <bean id="userDetailsService" class="ua.training.bookshop.service.impl.UserDetailsServiceImpl"/>

</beans>